<?xml version="1.0" encoding="UTF-8"?>
<!-- Generated by org.testng.reporters.JUnitReportReporter -->
<testsuite hostname="DESKTOP-BPQ80UG" name="tests.addItem" tests="1" failures="0" timestamp="4 May 2022 12:56:38 GMT" time="37.849" errors="0">
  <testcase name="addItemInBasket" time="37.849" classname="tests.addItem"/>
</testsuite> <!-- tests.addItem -->
